2015-06-22 21:41:02,676 [main] WARN  o.e.r.c.r.p.ProcessableProposalFactory - Unknown JDT proposal type 'class org.eclipse.jdt.internal.ui.text.javadoc.JavadocLinkTypeCompletionProposal' ('{@link Field} - java.text.Format'). Returning original proposal instead.
2015-06-22 21:41:02,691 [main] WARN  o.e.r.c.r.p.ProcessableProposalFactory - Unknown JDT proposal type 'class org.eclipse.jdt.internal.ui.text.javadoc.JavadocLinkTypeCompletionProposal' ('{@link FileOutputStream} - java.io'). Returning original proposal instead.
2015-06-22 21:41:02,691 [main] WARN  o.e.r.c.r.p.ProcessableProposalFactory - Unknown JDT proposal type 'class org.eclipse.jdt.internal.ui.text.javadoc.JavadocLinkTypeCompletionProposal' ('{@link Field} - javax.xml.datatype.DatatypeConstants'). Returning original proposal instead.
2015-06-22 21:41:02,691 [main] WARN  o.e.r.c.r.p.ProcessableProposalFactory - Unknown JDT proposal type 'class org.eclipse.jdt.internal.ui.text.javadoc.JavadocLinkTypeCompletionProposal' ('{@link Filer} - javax.annotation.processing'). Returning original proposal instead.
2015-06-22 21:41:02,691 [main] WARN  o.e.r.c.r.p.ProcessableProposalFactory - Unknown JDT proposal type 'class org.eclipse.jdt.internal.ui.text.javadoc.JavadocLinkTypeCompletionProposal' ('{@link FieldNameHelper} - org.omg.DynamicAny'). Returning original proposal instead.
2015-06-22 21:41:02,691 [main] WARN  o.e.r.c.r.p.ProcessableProposalFactory - Unknown JDT proposal type 'class org.eclipse.jdt.internal.ui.text.javadoc.JavadocLinkTypeCompletionProposal' ('{@link FileOwnerAttributeView} - java.nio.file.attribute'). Returning original proposal instead.
2015-06-22 21:41:02,691 [main] WARN  o.e.r.c.r.p.ProcessableProposalFactory - Unknown JDT proposal type 'class org.eclipse.jdt.internal.ui.text.javadoc.JavadocLinkTypeCompletionProposal' ('{@link Filler} - javax.swing.Box'). Returning original proposal instead.
2015-06-22 21:41:02,691 [main] WARN  o.e.r.c.r.p.ProcessableProposalFactory - Unknown JDT proposal type 'class org.eclipse.jdt.internal.ui.text.javadoc.JavadocLinkTypeCompletionProposal' ('{@link FileIcon16} - javax.swing.plaf.metal.MetalIconFactory'). Returning original proposal instead.
2015-06-22 21:41:02,707 [main] WARN  o.e.r.c.r.p.ProcessableProposalFactory - Unknown JDT proposal type 'class org.eclipse.jdt.internal.ui.text.javadoc.JavadocLinkTypeCompletionProposal' ('{@link FileStoreAttributeView} - java.nio.file.attribute'). Returning original proposal instead.
2015-06-22 21:41:02,707 [main] WARN  o.e.r.c.r.p.ProcessableProposalFactory - Unknown JDT proposal type 'class org.eclipse.jdt.internal.ui.text.javadoc.JavadocLinkTypeCompletionProposal' ('{@link FileHandler} - java.util.logging'). Returning original proposal instead.
2015-06-22 21:41:02,707 [main] WARN  o.e.r.c.r.p.ProcessableProposalFactory - Unknown JDT proposal type 'class org.eclipse.jdt.internal.ui.text.javadoc.JavadocLinkTypeCompletionProposal' ('{@link FileAttribute} - java.nio.file.attribute'). Returning original proposal instead.
2015-06-22 21:41:02,707 [main] WARN  o.e.r.c.r.p.ProcessableProposalFactory - Unknown JDT proposal type 'class org.eclipse.jdt.internal.ui.text.javadoc.JavadocLinkTypeCompletionProposal' ('{@link FileDataSource} - javax.activation'). Returning original proposal instead.
2015-06-22 21:41:02,707 [main] WARN  o.e.r.c.r.p.ProcessableProposalFactory - Unknown JDT proposal type 'class org.eclipse.jdt.internal.ui.text.javadoc.JavadocLinkTypeCompletionProposal' ('{@link FilteredRowSet} - javax.sql.rowset'). Returning original proposal instead.
2015-06-22 21:41:02,707 [main] WARN  o.e.r.c.r.p.ProcessableProposalFactory - Unknown JDT proposal type 'class org.eclipse.jdt.internal.ui.text.javadoc.JavadocLinkTypeCompletionProposal' ('{@link FieldNameHelper} - org.omg.CORBA'). Returning original proposal instead.
2015-06-22 21:41:02,707 [main] WARN  o.e.r.c.r.p.ProcessableProposalFactory - Unknown JDT proposal type 'class org.eclipse.jdt.internal.ui.text.javadoc.JavadocLinkTypeCompletionProposal' ('{@link FileAttributeView} - java.nio.file.attribute'). Returning original proposal instead.
2015-06-22 21:41:02,707 [main] WARN  o.e.r.c.r.p.ProcessableProposalFactory - Unknown JDT proposal type 'class org.eclipse.jdt.internal.ui.text.javadoc.JavadocLinkTypeCompletionProposal' ('{@link Field} - java.text.NumberFormat'). Returning original proposal instead.
2015-06-22 21:41:02,707 [main] WARN  o.e.r.c.r.p.ProcessableProposalFactory - Unknown JDT proposal type 'class org.eclipse.jdt.internal.ui.text.javadoc.JavadocLinkTypeCompletionProposal' ('{@link Filter} - javax.xml.crypto.dsig.spec.XPathType'). Returning original proposal instead.
2015-06-22 21:41:02,707 [main] WARN  o.e.r.c.r.p.ProcessableProposalFactory - Unknown JDT proposal type 'class org.eclipse.jdt.internal.ui.text.javadoc.JavadocLinkTypeCompletionProposal' ('{@link FilterOutputStream} - java.io'). Returning original proposal instead.
2015-06-22 21:41:02,707 [main] WARN  o.e.r.c.r.p.ProcessableProposalFactory - Unknown JDT proposal type 'class org.eclipse.jdt.internal.ui.text.javadoc.JavadocLinkTypeCompletionProposal' ('{@link FileTime} - java.nio.file.attribute'). Returning original proposal instead.
2015-06-22 21:41:02,707 [main] WARN  o.e.r.c.r.p.ProcessableProposalFactory - Unknown JDT proposal type 'class org.eclipse.jdt.internal.ui.text.javadoc.JavadocLinkTypeCompletionProposal' ('{@link FileNameMap} - java.net'). Returning original proposal instead.
2015-06-22 21:41:02,707 [main] WARN  o.e.r.c.r.p.ProcessableProposalFactory - Unknown JDT proposal type 'class org.eclipse.jdt.internal.ui.text.javadoc.JavadocLinkTypeCompletionProposal' ('{@link FileCacheImageOutputStream} - javax.imageio.stream'). Returning original proposal instead.
2015-06-22 21:41:02,707 [main] WARN  o.e.r.c.r.p.ProcessableProposalFactory - Unknown JDT proposal type 'class org.eclipse.jdt.internal.ui.text.javadoc.JavadocLinkTypeCompletionProposal' ('{@link FileImageOutputStream} - javax.imageio.stream'). Returning original proposal instead.
2015-06-22 21:41:02,707 [main] WARN  o.e.r.c.r.p.ProcessableProposalFactory - Unknown JDT proposal type 'class org.eclipse.jdt.internal.ui.text.javadoc.JavadocLinkTypeCompletionProposal' ('{@link FileSystems} - java.nio.file'). Returning original proposal instead.
2015-06-22 21:41:02,723 [main] WARN  o.e.r.c.r.p.ProcessableProposalFactory - Unknown JDT proposal type 'class org.eclipse.jdt.internal.ui.text.javadoc.JavadocLinkTypeCompletionProposal' ('{@link FileChooserUI} - javax.swing.plaf'). Returning original proposal instead.
2015-06-22 21:41:02,723 [main] WARN  o.e.r.c.r.p.ProcessableProposalFactory - Unknown JDT proposal type 'class org.eclipse.jdt.internal.ui.text.javadoc.JavadocLinkTypeCompletionProposal' ('{@link FileVisitResult} - java.nio.file'). Returning original proposal instead.
2015-06-22 21:41:02,723 [main] WARN  o.e.r.c.r.p.ProcessableProposalFactory - Unknown JDT proposal type 'class org.eclipse.jdt.internal.ui.text.javadoc.JavadocLinkTypeCompletionProposal' ('{@link Filter} - java.nio.file.DirectoryStream'). Returning original proposal instead.
2015-06-22 21:41:02,723 [main] WARN  o.e.r.c.r.p.ProcessableProposalFactory - Unknown JDT proposal type 'class org.eclipse.jdt.internal.ui.text.javadoc.JavadocLinkTypeCompletionProposal' ('{@link FileTypeMap} - javax.activation'). Returning original proposal instead.
2015-06-22 21:41:02,723 [main] WARN  o.e.r.c.r.p.ProcessableProposalFactory - Unknown JDT proposal type 'class org.eclipse.jdt.internal.ui.text.javadoc.JavadocLinkTypeCompletionProposal' ('{@link FilteringMode} - java.util.Locale'). Returning original proposal instead.
2015-06-22 21:41:02,723 [main] WARN  o.e.r.c.r.p.ProcessableProposalFactory - Unknown JDT proposal type 'class org.eclipse.jdt.internal.ui.text.javadoc.JavadocLinkTypeCompletionProposal' ('{@link FileTypeDetector} - java.nio.file.spi'). Returning original proposal instead.
2015-06-22 21:41:02,723 [main] WARN  o.e.r.c.r.p.ProcessableProposalFactory - Unknown JDT proposal type 'class org.eclipse.jdt.internal.ui.text.javadoc.JavadocLinkTypeCompletionProposal' ('{@link FilterComboBoxRenderer} - javax.swing.plaf.metal.MetalFileChooserUI'). Returning original proposal instead.
2015-06-22 21:41:02,723 [main] WARN  o.e.r.c.r.p.ProcessableProposalFactory - Unknown JDT proposal type 'class org.eclipse.jdt.internal.ui.text.javadoc.JavadocLinkTypeCompletionProposal' ('{@link FileAlreadyExistsException} - java.nio.file'). Returning original proposal instead.
2015-06-22 21:41:02,723 [main] WARN  o.e.r.c.r.p.ProcessableProposalFactory - Unknown JDT proposal type 'class org.eclipse.jdt.internal.ui.text.javadoc.JavadocLinkTypeCompletionProposal' ('{@link FileImageInputStream} - javax.imageio.stream'). Returning original proposal instead.
2015-06-22 21:41:02,723 [main] WARN  o.e.r.c.r.p.ProcessableProposalFactory - Unknown JDT proposal type 'class org.eclipse.jdt.internal.ui.text.javadoc.JavadocLinkTypeCompletionProposal' ('{@link FileFilter} - javax.swing.filechooser'). Returning original proposal instead.
2015-06-22 21:41:02,723 [main] WARN  o.e.r.c.r.p.ProcessableProposalFactory - Unknown JDT proposal type 'class org.eclipse.jdt.internal.ui.text.javadoc.JavadocLinkTypeCompletionProposal' ('{@link FileLock} - java.nio.channels'). Returning original proposal instead.
2015-06-22 21:41:02,723 [main] WARN  o.e.r.c.r.p.ProcessableProposalFactory - Unknown JDT proposal type 'class org.eclipse.jdt.internal.ui.text.javadoc.JavadocLinkTypeCompletionProposal' ('{@link FileSystemView} - javax.swing.filechooser'). Returning original proposal instead.
2015-06-22 21:41:02,723 [main] WARN  o.e.r.c.r.p.ProcessableProposalFactory - Unknown JDT proposal type 'class org.eclipse.jdt.internal.ui.text.javadoc.JavadocLinkTypeCompletionProposal' ('{@link FilteredImageSource} - java.awt.image'). Returning original proposal instead.
2015-06-22 21:41:02,723 [main] WARN  o.e.r.c.r.p.ProcessableProposalFactory - Unknown JDT proposal type 'class org.eclipse.jdt.internal.ui.text.javadoc.JavadocLinkTypeCompletionProposal' ('{@link Filter} - java.util.logging'). Returning original proposal instead.
2015-06-22 21:41:02,723 [main] WARN  o.e.r.c.r.p.ProcessableProposalFactory - Unknown JDT proposal type 'class org.eclipse.jdt.internal.ui.text.javadoc.JavadocLinkTypeCompletionProposal' ('{@link FileVisitor} - java.nio.file'). Returning original proposal instead.
2015-06-22 21:41:02,723 [main] WARN  o.e.r.c.r.p.ProcessableProposalFactory - Unknown JDT proposal type 'class org.eclipse.jdt.internal.ui.text.javadoc.JavadocLinkTypeCompletionProposal' ('{@link FileWriter} - java.io'). Returning original proposal instead.
2015-06-22 21:41:02,723 [main] WARN  o.e.r.c.r.p.ProcessableProposalFactory - Unknown JDT proposal type 'class org.eclipse.jdt.internal.ui.text.javadoc.JavadocLinkTypeCompletionProposal' ('{@link FileInputStream} - java.io'). Returning original proposal instead.
2015-06-22 21:41:02,723 [main] WARN  o.e.r.c.r.p.ProcessableProposalFactory - Unknown JDT proposal type 'class org.eclipse.jdt.internal.ui.text.javadoc.JavadocLinkTypeCompletionProposal' ('{@link FileNotFoundException} - java.io'). Returning original proposal instead.
2015-06-22 21:41:02,723 [main] WARN  o.e.r.c.r.p.ProcessableProposalFactory - Unknown JDT proposal type 'class org.eclipse.jdt.internal.ui.text.javadoc.JavadocLinkTypeCompletionProposal' ('{@link FilterBypass} - javax.swing.text.NavigationFilter'). Returning original proposal instead.
2015-06-22 21:41:02,738 [main] WARN  o.e.r.c.r.p.ProcessableProposalFactory - Unknown JDT proposal type 'class org.eclipse.jdt.internal.ui.text.javadoc.JavadocLinkTypeCompletionProposal' ('{@link FixedHolder} - org.omg.CORBA'). Returning original proposal instead.
2015-06-22 21:41:02,738 [main] WARN  o.e.r.c.r.p.ProcessableProposalFactory - Unknown JDT proposal type 'class org.eclipse.jdt.internal.ui.text.javadoc.JavadocLinkTypeCompletionProposal' ('{@link Files} - java.nio.file'). Returning original proposal instead.
2015-06-22 21:41:02,738 [main] WARN  o.e.r.c.r.p.ProcessableProposalFactory - Unknown JDT proposal type 'class org.eclipse.jdt.internal.ui.text.javadoc.JavadocLinkTypeCompletionProposal' ('{@link FileFilter} - java.io'). Returning original proposal instead.
2015-06-22 21:41:02,738 [main] WARN  o.e.r.c.r.p.ProcessableProposalFactory - Unknown JDT proposal type 'class org.eclipse.jdt.internal.ui.text.javadoc.JavadocLinkTypeCompletionProposal' ('{@link FileDialogPeer} - java.awt.peer'). Returning original proposal instead.
2015-06-22 21:41:02,738 [main] WARN  o.e.r.c.r.p.ProcessableProposalFactory - Unknown JDT proposal type 'class org.eclipse.jdt.internal.ui.text.javadoc.JavadocLinkTypeCompletionProposal' ('{@link FileCacheImageInputStream} - javax.imageio.stream'). Returning original proposal instead.
2015-06-22 21:41:02,738 [main] WARN  o.e.r.c.r.p.ProcessableProposalFactory - Unknown JDT proposal type 'class org.eclipse.jdt.internal.ui.text.javadoc.JavadocLinkTypeCompletionProposal' ('{@link FieldView} - javax.swing.text'). Returning original proposal instead.
2015-06-22 21:41:02,738 [main] WARN  o.e.r.c.r.p.ProcessableProposalFactory - Unknown JDT proposal type 'class org.eclipse.jdt.internal.ui.text.javadoc.JavadocLinkTypeCompletionProposal' ('{@link FileView} - javax.swing.filechooser'). Returning original proposal instead.
2015-06-22 21:41:02,738 [main] WARN  o.e.r.c.r.p.ProcessableProposalFactory - Unknown JDT proposal type 'class org.eclipse.jdt.internal.ui.text.javadoc.JavadocLinkTypeCompletionProposal' ('{@link FilterInputStream} - java.io'). Returning original proposal instead.
2015-06-22 21:41:02,738 [main] WARN  o.e.r.c.r.p.ProcessableProposalFactory - Unknown JDT proposal type 'class org.eclipse.jdt.internal.ui.text.javadoc.JavadocLinkTypeCompletionProposal' ('{@link FilterWriter} - java.io'). Returning original proposal instead.
2015-06-22 21:41:02,738 [main] WARN  o.e.r.c.r.p.ProcessableProposalFactory - Unknown JDT proposal type 'class org.eclipse.jdt.internal.ui.text.javadoc.JavadocLinkTypeCompletionProposal' ('{@link FileStore} - java.nio.file'). Returning original proposal instead.
2015-06-22 21:41:02,738 [main] WARN  o.e.r.c.r.p.ProcessableProposalFactory - Unknown JDT proposal type 'class org.eclipse.jdt.internal.ui.text.javadoc.JavadocLinkTypeCompletionProposal' ('{@link FilterBypass} - javax.swing.text.DocumentFilter'). Returning original proposal instead.
2015-06-22 21:41:02,738 [main] WARN  o.e.r.c.r.p.ProcessableProposalFactory - Unknown JDT proposal type 'class org.eclipse.jdt.internal.ui.text.javadoc.JavadocLinkTypeCompletionProposal' ('{@link FixedHeightLayoutCache} - javax.swing.tree'). Returning original proposal instead.
2015-06-22 21:41:02,738 [main] WARN  o.e.r.c.r.p.ProcessableProposalFactory - Unknown JDT proposal type 'class org.eclipse.jdt.internal.ui.text.javadoc.JavadocLinkTypeCompletionProposal' ('{@link FileSystemException} - java.nio.file'). Returning original proposal instead.
2015-06-22 21:41:02,738 [main] WARN  o.e.r.c.r.p.ProcessableProposalFactory - Unknown JDT proposal type 'class org.eclipse.jdt.internal.ui.text.javadoc.JavadocLinkTypeCompletionProposal' ('{@link FieldBorder} - javax.swing.plaf.basic.BasicBorders'). Returning original proposal instead.
2015-06-22 21:41:02,738 [main] WARN  o.e.r.c.r.p.ProcessableProposalFactory - Unknown JDT proposal type 'class org.eclipse.jdt.internal.ui.text.javadoc.JavadocLinkTypeCompletionProposal' ('{@link FileNameExtensionFilter} - javax.swing.filechooser'). Returning original proposal instead.
2015-06-22 21:41:02,738 [main] WARN  o.e.r.c.r.p.ProcessableProposalFactory - Unknown JDT proposal type 'class org.eclipse.jdt.internal.ui.text.javadoc.JavadocLinkTypeCompletionProposal' ('{@link FileReader} - java.io'). Returning original proposal instead.
2015-06-22 21:41:02,738 [main] WARN  o.e.r.c.r.p.ProcessableProposalFactory - Unknown JDT proposal type 'class org.eclipse.jdt.internal.ui.text.javadoc.JavadocLinkTypeCompletionProposal' ('{@link FilePermission} - java.io'). Returning original proposal instead.
2015-06-22 21:41:02,738 [main] WARN  o.e.r.c.r.p.ProcessableProposalFactory - Unknown JDT proposal type 'class org.eclipse.jdt.internal.ui.text.javadoc.JavadocLinkTypeCompletionProposal' ('{@link FileSystem} - java.nio.file'). Returning original proposal instead.
2015-06-22 21:41:02,738 [main] WARN  o.e.r.c.r.p.ProcessableProposalFactory - Unknown JDT proposal type 'class org.eclipse.jdt.internal.ui.text.javadoc.JavadocLinkTypeCompletionProposal' ('{@link File} - java.io'). Returning original proposal instead.
2015-06-22 21:41:02,754 [main] WARN  o.e.r.c.r.p.ProcessableProposalFactory - Unknown JDT proposal type 'class org.eclipse.jdt.internal.ui.text.javadoc.JavadocLinkTypeCompletionProposal' ('{@link FileDialog} - java.awt'). Returning original proposal instead.
2015-06-22 21:41:02,754 [main] WARN  o.e.r.c.r.p.ProcessableProposalFactory - Unknown JDT proposal type 'class org.eclipse.jdt.internal.ui.text.javadoc.JavadocLinkTypeCompletionProposal' ('{@link FileSystemAlreadyExistsException} - java.nio.file'). Returning original proposal instead.
2015-06-22 21:41:02,754 [main] WARN  o.e.r.c.r.p.ProcessableProposalFactory - Unknown JDT proposal type 'class org.eclipse.jdt.internal.ui.text.javadoc.JavadocLinkTypeCompletionProposal' ('{@link FileObject} - javax.tools'). Returning original proposal instead.
2015-06-22 21:41:02,754 [main] WARN  o.e.r.c.r.p.ProcessableProposalFactory - Unknown JDT proposal type 'class org.eclipse.jdt.internal.ui.text.javadoc.JavadocLinkTypeCompletionProposal' ('{@link Finishings} - javax.print.attribute.standard'). Returning original proposal instead.
2015-06-22 21:41:02,754 [main] WARN  o.e.r.c.r.p.ProcessableProposalFactory - Unknown JDT proposal type 'class org.eclipse.jdt.internal.ui.text.javadoc.JavadocLinkTypeCompletionProposal' ('{@link FileSystemProvider} - java.nio.file.spi'). Returning original proposal instead.
2015-06-22 21:41:02,754 [main] WARN  o.e.r.c.r.p.ProcessableProposalFactory - Unknown JDT proposal type 'class org.eclipse.jdt.internal.ui.text.javadoc.JavadocLinkTypeCompletionProposal' ('{@link Field} - java.lang.reflect'). Returning original proposal instead.
2015-06-22 21:41:02,754 [main] WARN  o.e.r.c.r.p.ProcessableProposalFactory - Unknown JDT proposal type 'class org.eclipse.jdt.internal.ui.text.javadoc.JavadocLinkTypeCompletionProposal' ('{@link FileVisitOption} - java.nio.file'). Returning original proposal instead.
2015-06-22 21:41:02,754 [main] WARN  o.e.r.c.r.p.ProcessableProposalFactory - Unknown JDT proposal type 'class org.eclipse.jdt.internal.ui.text.javadoc.JavadocLinkTypeCompletionProposal' ('{@link FilterReader} - java.io'). Returning original proposal instead.
2015-06-22 21:41:02,754 [main] WARN  o.e.r.c.r.p.ProcessableProposalFactory - Unknown JDT proposal type 'class org.eclipse.jdt.internal.ui.text.javadoc.JavadocLinkTypeCompletionProposal' ('{@link Filter} - javax.imageio.spi.ServiceRegistry'). Returning original proposal instead.
2015-06-22 21:41:02,754 [main] WARN  o.e.r.c.r.p.ProcessableProposalFactory - Unknown JDT proposal type 'class org.eclipse.jdt.internal.ui.text.javadoc.JavadocLinkTypeCompletionProposal' ('{@link Field} - java.text.DateFormat'). Returning original proposal instead.
2015-06-22 21:41:02,754 [main] WARN  o.e.r.c.r.p.ProcessableProposalFactory - Unknown JDT proposal type 'class org.eclipse.jdt.internal.ui.text.javadoc.JavadocLinkTypeCompletionProposal' ('{@link FilenameFilter} - java.io'). Returning original proposal instead.
2015-06-22 21:41:02,754 [main] WARN  o.e.r.c.r.p.ProcessableProposalFactory - Unknown JDT proposal type 'class org.eclipse.jdt.internal.ui.text.javadoc.JavadocLinkTypeCompletionProposal' ('{@link FieldPosition} - java.text'). Returning original proposal instead.
2015-06-22 21:41:02,754 [main] WARN  o.e.r.c.r.p.ProcessableProposalFactory - Unknown JDT proposal type 'class org.eclipse.jdt.internal.ui.text.javadoc.JavadocLinkTypeCompletionProposal' ('{@link FileDescriptor} - java.io'). Returning original proposal instead.
2015-06-22 21:41:02,754 [main] WARN  o.e.r.c.r.p.ProcessableProposalFactory - Unknown JDT proposal type 'class org.eclipse.jdt.internal.ui.text.javadoc.JavadocLinkTypeCompletionProposal' ('{@link FilterAction} - java.awt.EventFilter'). Returning original proposal instead.
2015-06-22 21:41:02,754 [main] WARN  o.e.r.c.r.p.ProcessableProposalFactory - Unknown JDT proposal type 'class org.eclipse.jdt.internal.ui.text.javadoc.JavadocLinkTypeCompletionProposal' ('{@link Fidelity} - javax.print.attribute.standard'). Returning original proposal instead.
2015-06-22 21:41:02,754 [main] WARN  o.e.r.c.r.p.ProcessableProposalFactory - Unknown JDT proposal type 'class org.eclipse.jdt.internal.ui.text.javadoc.JavadocLinkTypeCompletionProposal' ('{@link FileSystemLoopException} - java.nio.file'). Returning original proposal instead.
2015-06-22 21:41:02,769 [main] WARN  o.e.r.c.r.p.ProcessableProposalFactory - Unknown JDT proposal type 'class org.eclipse.jdt.internal.ui.text.javadoc.JavadocLinkTypeCompletionProposal' ('{@link FileSystemNotFoundException} - java.nio.file'). Returning original proposal instead.
2015-06-22 21:41:02,769 [main] WARN  o.e.r.c.r.p.ProcessableProposalFactory - Unknown JDT proposal type 'class org.eclipse.jdt.internal.ui.text.javadoc.JavadocLinkTypeCompletionProposal' ('{@link FilerException} - javax.annotation.processing'). Returning original proposal instead.
2015-06-22 21:41:02,769 [main] WARN  o.e.r.c.r.p.ProcessableProposalFactory - Unknown JDT proposal type 'class org.eclipse.jdt.internal.ui.text.javadoc.JavadocLinkTypeCompletionProposal' ('{@link FileLockInterruptionException} - java.nio.channels'). Returning original proposal instead.
2015-06-22 21:41:02,769 [main] WARN  o.e.r.c.r.p.ProcessableProposalFactory - Unknown JDT proposal type 'class org.eclipse.jdt.internal.ui.text.javadoc.JavadocLinkTypeCompletionProposal' ('{@link Field} - java.text.MessageFormat'). Returning original proposal instead.
2015-06-22 21:41:02,769 [main] WARN  o.e.r.c.r.p.ProcessableProposalFactory - Unknown JDT proposal type 'class org.eclipse.jdt.internal.ui.text.javadoc.JavadocLinkTypeCompletionProposal' ('{@link FileChannel} - java.nio.channels'). Returning original proposal instead.
